0 info it worked if it ends with ok
1 verbose cli [ 'c:\\Program Files\\nodejs\\node.exe',
1 verbose cli   'c:\\Program Files\\nodejs\\node_modules\\npm\\bin\\npm-cli.js',
1 verbose cli   'version',
1 verbose cli   'minor' ]
2 info using npm@2.11.3
3 info using node@v0.12.7
4 info preversion @uship/babel-plugin-namespaced-globals@2.1.0
5 info git [ 'status', '--porcelain' ]
6 verbose stack Error: Error: Git working directory not clean.
6 verbose stack M  index.js
6 verbose stack A  npm-debug.log
6 verbose stack M  test/test.js
6 verbose stack     at c:\Program Files\nodejs\node_modules\npm\lib\version.js:71:23
6 verbose stack     at c:\Program Files\nodejs\node_modules\npm\lib\version.js:151:34
6 verbose stack     at ChildProcess.exithandler (child_process.js:742:7)
6 verbose stack     at ChildProcess.emit (events.js:110:17)
6 verbose stack     at maybeClose (child_process.js:1015:16)
6 verbose stack     at Process.ChildProcess._handle.onexit (child_process.js:1087:5)
7 verbose cwd c:\Development\babel-plugin-namespaced-globals
8 error Windows_NT 6.1.7601
9 error argv "c:\\Program Files\\nodejs\\node.exe" "c:\\Program Files\\nodejs\\node_modules\\npm\\bin\\npm-cli.js" "version" "minor"
10 error node v0.12.7
11 error npm  v2.11.3
12 error Error: Git working directory not clean.
12 error M  index.js
12 error A  npm-debug.log
12 error M  test/test.js
13 error If you need help, you may report this error at:
13 error     <https://github.com/npm/npm/issues>
14 verbose exit [ 1, true ]
